0 info it worked if it ends with ok
1 verbose cli [ 'C:\\Program Files\\nodejs\\node.exe',
1 verbose cli   'C:\\Program Files\\nodejs\\node_modules\\npm\\bin\\npm-cli.js',
1 verbose cli   'start' ]
2 info using npm@3.10.10
3 info using node@v6.11.0
4 verbose run-script [ 'prestart', 'start', 'poststart' ]
5 info lifecycle crud_tasklist_with_angular2@1.0.0~prestart: crud_tasklist_with_angular2@1.0.0
6 silly lifecycle crud_tasklist_with_angular2@1.0.0~prestart: no script for prestart, continuing
7 info lifecycle crud_tasklist_with_angular2@1.0.0~start: crud_tasklist_with_angular2@1.0.0
8 verbose lifecycle crud_tasklist_with_angular2@1.0.0~start: unsafe-perm in lifecycle true
9 verbose lifecycle crud_tasklist_with_angular2@1.0.0~start: PATH: C:\Program Files\nodejs\node_modules\npm\bin\node-gyp-bin;H:\Mean Practice\CRUD Task List with Express and Mongoose\node_modules\.bin;C:\ProgramData\Oracle\Java\javapath;C:\Program Files (x86)\PC Connectivity Solution\;C:\Program Files (x86)\HP SimplePass 2011\x64;C:\Program Files (x86)\HP SimplePass 2011\;C:\Program Files\Broadcom\Broadcom 802.11\Driver;C:\Program Files (x86)\AMD APP\bin\x86_64;C:\Program Files (x86)\AMD APP\bin\x86;C:\Program Files\Common Files\Microsoft Shared\Windows Live;C:\Program Files (x86)\Common Files\Microsoft Shared\Windows Live;C:\Windows\system32;C:\Windows;C:\Windows\System32\Wbem;C:\Windows\System32\WindowsPowerShell\v1.0\;C:\Program Files (x86)\Windows Live\Shared;C:\Program Files (x86)\ATI Technologies\ATI.ACE\Core-Static;C:\Program Files\WIDCOMM\Bluetooth Software\;C:\Program Files\WIDCOMM\Bluetooth Software\syswow64;C:\Program Files\Broadcom\WHL\;C:\Program Files\Broadcom\WHL\syswow64;C:\Program Files\Broadcom\WHL\SysWow64\;C:\Program Files\Broadcom\WHL\SysWow64\syswow64;C:\Program Files (x86)\Intel\Services\IPT\;C:\Program Files (x86)\Java\jdk1.7.0_02\bin;C:\Program Files (x86)\Microsoft SQL Server\100\Tools\Binn\;C:\Program Files\Microsoft SQL Server\100\Tools\Binn\;C:\Program Files\Microsoft SQL Server\100\DTS\Binn\;C:\Program Files (x86)\Common Files\lenovo\easyplussdk\bin;C:\Program Files (x86)\Java\jdk1.8.0_65\bin;C:\Program Files (x86)\apache-maven-3.3.3\bin;C:\Program Files\nodejs\;C:\Program Files\Git\cmd;C:\Program Files\MongoDB\Server\3.4\bin;C:\Users\HP\AppData\Local\Programs\Python\Python36-32\Scripts\;C:\Users\HP\AppData\Local\Programs\Python\Python36-32\;C:\Users\HP\AppData\Roaming\npm;C:\Program Files (x86)\Microsoft VS Code\bin
10 verbose lifecycle crud_tasklist_with_angular2@1.0.0~start: CWD: H:\Mean Practice\CRUD Task List with Express and Mongoose
11 silly lifecycle crud_tasklist_with_angular2@1.0.0~start: Args: [ '/d /s /c', 'nodemon server.js ' ]
12 verbose stack Error: kill ENOSYS
12 verbose stack     at exports._errnoException (util.js:1018:11)
12 verbose stack     at process.kill (internal/process.js:190:13)
12 verbose stack     at process.listener (C:\Program Files\nodejs\node_modules\npm\node_modules\npmlog\node_modules\gauge\node_modules\signal-exit\index.js:86:15)
12 verbose stack     at emitNone (events.js:91:20)
12 verbose stack     at process.emit (events.js:185:7)
12 verbose stack     at processEmit (C:\Program Files\nodejs\node_modules\npm\node_modules\npmlog\node_modules\gauge\node_modules\signal-exit\index.js:146:32)
12 verbose stack     at processEmit (C:\Program Files\nodejs\node_modules\npm\node_modules\npm-registry-client\node_modules\npmlog\node_modules\gauge\node_modules\signal-exit\index.js:146:32)
12 verbose stack     at Signal.wrap.onsignal (internal/process.js:217:44)
13 verbose cwd H:\Mean Practice\CRUD Task List with Express and Mongoose
14 error Windows_NT 6.1.7601
15 error argv "C:\\Program Files\\nodejs\\node.exe" "C:\\Program Files\\nodejs\\node_modules\\npm\\bin\\npm-cli.js" "start"
16 error node v6.11.0
17 error npm  v3.10.10
18 error code ENOSYS
19 error errno ENOSYS
20 error syscall kill
21 error kill ENOSYS
22 error If you need help, you may report this error at:
22 error     <https://github.com/npm/npm/issues>
23 verbose exit [ 1, true ]
